2025-01-11 02:55:55,889 - INFO - Starting processing...
2025-01-11 02:56:41,607 - INFO - 2025-01-11 02:56:41 - Successfully completed ../../../mnt/f/radiation_resistance_dataset_export/cell_line_1/dish_1/20220514.131021.697.2022-05-14_SA_CL1_LowConc-006_RI Tomogram.tiff
2025-01-11 02:56:41,700 - INFO - 2025-01-11 02:56:41 - Successfully completed ../../../mnt/f/radiation_resistance_dataset_export/cell_line_1/dish_1/20220514.130934.371.2022-05-14_SA_CL1_LowConc-005_RI Tomogram.tiff
2025-01-11 02:56:41,714 - INFO - 2025-01-11 02:56:41 - Successfully completed ../../../mnt/f/radiation_resistance_dataset_export/cell_line_1/dish_1/20220514.130841.150.2022-05-14_SA_CL1_LowConc-003_RI Tomogram.tiff
2025-01-11 02:56:41,746 - INFO - 2025-01-11 02:56:41 - Successfully completed ../../../mnt/f/radiation_resistance_dataset_export/cell_line_1/dish_1/20220514.130425.824.2022-05-14_SA_CL1_LowConc-001_RI Tomogram.tiff
2025-01-11 02:56:41,830 - INFO - 2025-01-11 02:56:41 - Successfully completed ../../../mnt/f/radiation_resistance_dataset_export/cell_line_1/dish_1/20220514.130910.202.2022-05-14_SA_CL1_LowConc-004_RI Tomogram.tiff
2025-01-11 02:56:41,844 - INFO - 2025-01-11 02:56:41 - Successfully completed ../../../mnt/f/radiation_resistance_dataset_export/cell_line_1/dish_1/20220514.131129.544.2022-05-14_SA_CL1_LowConc-008_RI Tomogram.tiff
2025-01-11 02:56:41,893 - INFO - 2025-01-11 02:56:41 - Successfully completed ../../../mnt/f/radiation_resistance_dataset_export/cell_line_1/dish_1/20220514.130702.841.2022-05-14_SA_CL1_LowConc-002_RI Tomogram.tiff
2025-01-11 02:56:41,900 - INFO - 2025-01-11 02:56:41 - Successfully completed ../../../mnt/f/radiation_resistance_dataset_export/cell_line_1/dish_1/20220514.131311.510.2022-05-14_SA_CL1_LowConc-011_RI Tomogram.tiff
2025-01-11 02:56:41,978 - INFO - 2025-01-11 02:56:41 - Successfully completed ../../../mnt/f/radiation_resistance_dataset_export/cell_line_1/dish_1/20220514.131222.762.2022-05-14_SA_CL1_LowConc-009_RI Tomogram.tiff
2025-01-11 02:56:41,998 - INFO - 2025-01-11 02:56:41 - Successfully completed ../../../mnt/f/radiation_resistance_dataset_export/cell_line_1/dish_1/20220514.131249.167.2022-05-14_SA_CL1_LowConc-010_RI Tomogram.tiff
2025-01-11 02:56:42,010 - INFO - 2025-01-11 02:56:42 - Successfully completed ../../../mnt/f/radiation_resistance_dataset_export/cell_line_1/dish_1/20220514.131059.885.2022-05-14_SA_CL1_LowConc-007_RI Tomogram.tiff
2025-01-11 02:56:42,040 - INFO - 2025-01-11 02:56:42 - Successfully completed ../../../mnt/f/radiation_resistance_dataset_export/cell_line_1/dish_1/20220514.131345.026.2022-05-14_SA_CL1_LowConc-012_RI Tomogram.tiff
2025-01-11 02:56:48,751 - INFO - 2025-01-11 02:56:48 - Successfully completed ../../../mnt/f/radiation_resistance_dataset_export/cell_line_1/dish_1/20220514.131419.966.2022-05-14_SA_CL1_LowConc-013_RI Tomogram.tiff
2025-01-11 02:56:48,935 - INFO - 2025-01-11 02:56:48 - Successfully completed ../../../mnt/f/radiation_resistance_dataset_export/cell_line_1/dish_1/20220514.131450.230.2022-05-14_SA_CL1_LowConc-014_RI Tomogram.tiff
2025-01-11 02:56:49,144 - INFO - 2025-01-11 02:56:49 - Successfully completed ../../../mnt/f/radiation_resistance_dataset_export/cell_line_1/dish_1/20220514.131552.996.2022-05-14_SA_CL1_LowConc-016_RI Tomogram.tiff
2025-01-11 02:56:49,162 - INFO - 2025-01-11 02:56:49 - Successfully completed ../../../mnt/f/radiation_resistance_dataset_export/cell_line_1/dish_1/20220514.131518.872.2022-05-14_SA_CL1_LowConc-015_RI Tomogram.tiff
2025-01-11 02:56:49,245 - INFO - 2025-01-11 02:56:49 - Successfully completed ../../../mnt/f/radiation_resistance_dataset_export/cell_line_1/dish_1/20220514.131607.012.2022-05-14_SA_CL1_LowConc-017_RI Tomogram.tiff
2025-01-11 02:56:49,262 - INFO - 2025-01-11 02:56:49 - Successfully completed ../../../mnt/f/radiation_resistance_dataset_export/cell_line_1/dish_1/20220514.131643.982.2022-05-14_SA_CL1_LowConc-019_RI Tomogram.tiff
2025-01-11 02:56:49,506 - INFO - 2025-01-11 02:56:49 - Successfully completed ../../../mnt/f/radiation_resistance_dataset_export/cell_line_1/dish_1/20220514.131624.482.2022-05-14_SA_CL1_LowConc-018_RI Tomogram.tiff
2025-01-11 02:56:49,528 - INFO - 2025-01-11 02:56:49 - Successfully completed ../../../mnt/f/radiation_resistance_dataset_export/cell_line_1/dish_1/20220514.131831.838.2022-05-14_SA_CL1_LowConc-024_RI Tomogram.tiff
2025-01-11 02:56:49,537 - INFO - 2025-01-11 02:56:49 - Successfully completed ../../../mnt/f/radiation_resistance_dataset_export/cell_line_1/dish_1/20220514.131757.107.2022-05-14_SA_CL1_LowConc-022_RI Tomogram.tiff
2025-01-11 02:56:49,544 - INFO - 2025-01-11 02:56:49 - Successfully completed ../../../mnt/f/radiation_resistance_dataset_export/cell_line_1/dish_1/20220514.131717.496.2022-05-14_SA_CL1_LowConc-020_RI Tomogram.tiff
2025-01-11 02:56:49,550 - INFO - 2025-01-11 02:56:49 - Successfully completed ../../../mnt/f/radiation_resistance_dataset_export/cell_line_1/dish_1/20220514.131807.670.2022-05-14_SA_CL1_LowConc-023_RI Tomogram.tiff
2025-01-11 02:56:49,551 - INFO - 2025-01-11 02:56:49 - Successfully completed ../../../mnt/f/radiation_resistance_dataset_export/cell_line_1/dish_1/20220514.131740.042.2022-05-14_SA_CL1_LowConc-021_RI Tomogram.tiff
2025-01-11 02:56:59,589 - INFO - 2025-01-11 02:56:59 - Successfully completed ../../../mnt/f/radiation_resistance_dataset_export/cell_line_1/dish_1/20220514.131900.686.2022-05-14_SA_CL1_LowConc-026_RI Tomogram.tiff
2025-01-11 02:56:59,647 - INFO - 2025-01-11 02:56:59 - Successfully completed ../../../mnt/f/radiation_resistance_dataset_export/cell_line_1/dish_1/20220514.131842.400.2022-05-14_SA_CL1_LowConc-025_RI Tomogram.tiff
2025-01-11 02:56:59,664 - INFO - 2025-01-11 02:56:59 - Successfully completed ../../../mnt/f/radiation_resistance_dataset_export/cell_line_1/dish_1/20220514.132149.073.2022-05-14_SA_CL1_LowConc-030_RI Tomogram.tiff
2025-01-11 02:56:59,747 - INFO - 2025-01-11 02:56:59 - Successfully completed ../../../mnt/f/radiation_resistance_dataset_export/cell_line_1/dish_1/20220514.132435.433.2022-05-14_SA_CL1_LowConc-035_RI Tomogram.tiff
2025-01-11 02:56:59,802 - INFO - 2025-01-11 02:56:59 - Successfully completed ../../../mnt/f/radiation_resistance_dataset_export/cell_line_1/dish_1/20220514.131927.089.2022-05-14_SA_CL1_LowConc-027_RI Tomogram.tiff
2025-01-11 02:56:59,900 - INFO - 2025-01-11 02:56:59 - Successfully completed ../../../mnt/f/radiation_resistance_dataset_export/cell_line_1/dish_1/20220514.132446.808.2022-05-14_SA_CL1_LowConc-036_RI Tomogram.tiff
2025-01-11 02:56:59,920 - INFO - 2025-01-11 02:56:59 - Successfully completed ../../../mnt/f/radiation_resistance_dataset_export/cell_line_1/dish_1/20220514.132009.135.2022-05-14_SA_CL1_LowConc-029_RI Tomogram.tiff
2025-01-11 02:56:59,934 - INFO - 2025-01-11 02:56:59 - Successfully completed ../../../mnt/f/radiation_resistance_dataset_export/cell_line_1/dish_1/20220514.132313.373.2022-05-14_SA_CL1_LowConc-034_RI Tomogram.tiff
2025-01-11 02:56:59,936 - INFO - 2025-01-11 02:56:59 - Successfully completed ../../../mnt/f/radiation_resistance_dataset_export/cell_line_1/dish_1/20220514.132208.982.2022-05-14_SA_CL1_LowConc-031_RI Tomogram.tiff
2025-01-11 02:56:59,955 - INFO - 2025-01-11 02:56:59 - Successfully completed ../../../mnt/f/radiation_resistance_dataset_export/cell_line_1/dish_1/20220514.131946.795.2022-05-14_SA_CL1_LowConc-028_RI Tomogram.tiff
2025-01-11 02:56:59,956 - INFO - 2025-01-11 02:56:59 - Successfully completed ../../../mnt/f/radiation_resistance_dataset_export/cell_line_1/dish_1/20220514.132255.294.2022-05-14_SA_CL1_LowConc-033_RI Tomogram.tiff
2025-01-11 02:56:59,964 - INFO - 2025-01-11 02:56:59 - Successfully completed ../../../mnt/f/radiation_resistance_dataset_export/cell_line_1/dish_1/20220514.132218.324.2022-05-14_SA_CL1_LowConc-032_RI Tomogram.tiff
2025-01-11 02:57:07,465 - INFO - 2025-01-11 02:57:07 - Successfully completed ../../../mnt/f/radiation_resistance_dataset_export/cell_line_1/dish_1/20220514.132527.232.2022-05-14_SA_CL1_LowConc-039_RI Tomogram.tiff
2025-01-11 02:57:07,476 - INFO - 2025-01-11 02:57:07 - Successfully completed ../../../mnt/f/radiation_resistance_dataset_export/cell_line_1/dish_1/20220514.132459.807.2022-05-14_SA_CL1_LowConc-037_RI Tomogram.tiff
2025-01-11 02:57:07,585 - INFO - 2025-01-11 02:57:07 - Successfully completed ../../../mnt/f/radiation_resistance_dataset_export/cell_line_1/dish_1/20220514.132514.228.2022-05-14_SA_CL1_LowConc-038_RI Tomogram.tiff
2025-01-11 02:57:07,821 - INFO - 2025-01-11 02:57:07 - Successfully completed ../../../mnt/f/radiation_resistance_dataset_export/cell_line_1/dish_1/20220514.132615.980.2022-05-14_SA_CL1_LowConc-041_RI Tomogram.tiff
2025-01-11 02:57:07,825 - INFO - 2025-01-11 02:57:07 - Successfully completed ../../../mnt/f/radiation_resistance_dataset_export/cell_line_1/dish_1/20220514.132601.152.2022-05-14_SA_CL1_LowConc-040_RI Tomogram.tiff
2025-01-11 02:57:07,875 - INFO - 2025-01-11 02:57:07 - Successfully completed ../../../mnt/f/radiation_resistance_dataset_export/cell_line_1/dish_1/20220514.132631.010.2022-05-14_SA_CL1_LowConc-042_RI Tomogram.tiff
2025-01-11 02:57:07,923 - INFO - 2025-01-11 02:57:07 - Successfully completed ../../../mnt/f/radiation_resistance_dataset_export/cell_line_1/dish_1/20220514.132651.733.2022-05-14_SA_CL1_LowConc-043_RI Tomogram.tiff
2025-01-11 02:57:08,170 - INFO - 2025-01-11 02:57:08 - Successfully completed ../../../mnt/f/radiation_resistance_dataset_export/cell_line_1/dish_1/20220514.132714.275.2022-05-14_SA_CL1_LowConc-044_RI Tomogram.tiff
2025-01-11 02:57:08,171 - INFO - 2025-01-11 02:57:08 - Successfully completed ../../../mnt/f/radiation_resistance_dataset_export/cell_line_1/dish_1/20220514.132732.760.2022-05-14_SA_CL1_LowConc-045_RI Tomogram.tiff
2025-01-11 02:57:08,191 - INFO - 2025-01-11 02:57:08 - Successfully completed ../../../mnt/f/radiation_resistance_dataset_export/cell_line_1/dish_1/20220514.132846.088.2022-05-14_SA_CL1_LowConc-048_RI Tomogram.tiff
2025-01-11 02:57:08,191 - INFO - 2025-01-11 02:57:08 - Successfully completed ../../../mnt/f/radiation_resistance_dataset_export/cell_line_1/dish_1/20220514.132800.385.2022-05-14_SA_CL1_LowConc-046_RI Tomogram.tiff
2025-01-11 02:57:08,192 - INFO - 2025-01-11 02:57:08 - Successfully completed ../../../mnt/f/radiation_resistance_dataset_export/cell_line_1/dish_1/20220514.132823.951.2022-05-14_SA_CL1_LowConc-047_RI Tomogram.tiff
2025-01-11 02:57:16,553 - INFO - 2025-01-11 02:57:16 - Successfully completed ../../../mnt/f/radiation_resistance_dataset_export/cell_line_1/dish_1/20220514.132958.811.2022-05-14_SA_CL1_LowConc-050_RI Tomogram.tiff
2025-01-11 02:57:16,951 - INFO - 2025-01-11 02:57:16 - Successfully completed ../../../mnt/f/radiation_resistance_dataset_export/cell_line_1/dish_1/20220514.133253.903.2022-05-14_SA_CL1_LowConc-059_RI Tomogram.tiff
2025-01-11 02:57:16,955 - INFO - 2025-01-11 02:57:16 - Successfully completed ../../../mnt/f/radiation_resistance_dataset_export/cell_line_1/dish_1/20220514.133127.572.2022-05-14_SA_CL1_LowConc-054_RI Tomogram.tiff
2025-01-11 02:57:17,068 - INFO - 2025-01-11 02:57:17 - Successfully completed ../../../mnt/f/radiation_resistance_dataset_export/cell_line_1/dish_1/20220514.133021.966.2022-05-14_SA_CL1_LowConc-051_RI Tomogram.tiff
2025-01-11 02:57:17,084 - INFO - 2025-01-11 02:57:17 - Successfully completed ../../../mnt/f/radiation_resistance_dataset_export/cell_line_1/dish_1/20220514.133302.840.2022-05-14_SA_CL1_LowConc-060_RI Tomogram.tiff
2025-01-11 02:57:17,101 - INFO - 2025-01-11 02:57:17 - Successfully completed ../../../mnt/f/radiation_resistance_dataset_export/cell_line_1/dish_1/20220514.133148.292.2022-05-14_SA_CL1_LowConc-055_RI Tomogram.tiff
2025-01-11 02:57:17,164 - INFO - 2025-01-11 02:57:17 - Successfully completed ../../../mnt/f/radiation_resistance_dataset_export/cell_line_1/dish_1/20220514.133108.278.2022-05-14_SA_CL1_LowConc-053_RI Tomogram.tiff
2025-01-11 02:57:17,167 - INFO - 2025-01-11 02:57:17 - Successfully completed ../../../mnt/f/radiation_resistance_dataset_export/cell_line_1/dish_1/20220514.133206.982.2022-05-14_SA_CL1_LowConc-056_RI Tomogram.tiff
2025-01-11 02:57:17,182 - INFO - 2025-01-11 02:57:17 - Successfully completed ../../../mnt/f/radiation_resistance_dataset_export/cell_line_1/dish_1/20220514.133241.713.2022-05-14_SA_CL1_LowConc-058_RI Tomogram.tiff
2025-01-11 02:57:17,188 - INFO - 2025-01-11 02:57:17 - Successfully completed ../../../mnt/f/radiation_resistance_dataset_export/cell_line_1/dish_1/20220514.133037.807.2022-05-14_SA_CL1_LowConc-052_RI Tomogram.tiff
2025-01-11 02:57:17,203 - INFO - 2025-01-11 02:57:17 - Successfully completed ../../../mnt/f/radiation_resistance_dataset_export/cell_line_1/dish_1/20220514.132945.197.2022-05-14_SA_CL1_LowConc-049_RI Tomogram.tiff
2025-01-11 02:57:17,207 - INFO - 2025-01-11 02:57:17 - Successfully completed ../../../mnt/f/radiation_resistance_dataset_export/cell_line_1/dish_1/20220514.133227.089.2022-05-14_SA_CL1_LowConc-057_RI Tomogram.tiff
2025-01-11 02:57:27,107 - INFO - 2025-01-11 02:57:27 - Successfully completed ../../../mnt/f/radiation_resistance_dataset_export/cell_line_1/dish_1/20220514.133314.216.2022-05-14_SA_CL1_LowConc-061_RI Tomogram.tiff
2025-01-11 02:57:28,033 - INFO - 2025-01-11 02:57:28 - Successfully completed ../../../mnt/f/radiation_resistance_dataset_export/cell_line_1/dish_1/20220514.133326.401.2022-05-14_SA_CL1_LowConc-062_RI Tomogram.tiff
2025-01-11 02:57:28,096 - INFO - 2025-01-11 02:57:28 - Successfully completed ../../../mnt/f/radiation_resistance_dataset_export/cell_line_1/dish_1/20220514.133358.496.2022-05-14_SA_CL1_LowConc-063_RI Tomogram.tiff
2025-01-11 02:57:28,101 - INFO - 2025-01-11 02:57:28 - Successfully completed ../../../mnt/f/radiation_resistance_dataset_export/cell_line_1/dish_1/20220514.133545.948.2022-05-14_SA_CL1_LowConc-064_RI Tomogram.tiff
2025-01-11 02:57:28,272 - INFO - 2025-01-11 02:57:28 - Successfully completed ../../../mnt/f/radiation_resistance_dataset_export/cell_line_1/dish_1/20220514.133622.513.2022-05-14_SA_CL1_LowConc-065_RI Tomogram.tiff
2025-01-11 02:57:28,535 - INFO - 2025-01-11 02:57:28 - Successfully completed ../../../mnt/f/radiation_resistance_dataset_export/cell_line_1/dish_1/20220514.133635.511.2022-05-14_SA_CL1_LowConc-066_RI Tomogram.tiff
2025-01-11 02:57:28,782 - INFO - 2025-01-11 02:57:28 - Successfully completed ../../../mnt/f/radiation_resistance_dataset_export/cell_line_1/dish_1/20220514.133814.026.2022-05-14_SA_CL1_LowConc-069_RI Tomogram.tiff
2025-01-11 02:57:28,783 - INFO - 2025-01-11 02:57:28 - Successfully completed ../../../mnt/f/radiation_resistance_dataset_export/cell_line_1/dish_1/20220514.133828.245.2022-05-14_SA_CL1_LowConc-070_RI Tomogram.tiff
2025-01-11 02:57:28,806 - INFO - 2025-01-11 02:57:28 - Successfully completed ../../../mnt/f/radiation_resistance_dataset_export/cell_line_1/dish_1/20220514.133752.293.2022-05-14_SA_CL1_LowConc-068_RI Tomogram.tiff
2025-01-11 02:57:28,836 - INFO - 2025-01-11 02:57:28 - Successfully completed ../../../mnt/f/radiation_resistance_dataset_export/cell_line_1/dish_1/20220514.133858.714.2022-05-14_SA_CL1_LowConc-072_RI Tomogram.tiff
2025-01-11 02:57:28,837 - INFO - 2025-01-11 02:57:28 - Successfully completed ../../../mnt/f/radiation_resistance_dataset_export/cell_line_1/dish_1/20220514.133842.873.2022-05-14_SA_CL1_LowConc-071_RI Tomogram.tiff
2025-01-11 02:57:28,838 - INFO - 2025-01-11 02:57:28 - Successfully completed ../../../mnt/f/radiation_resistance_dataset_export/cell_line_1/dish_1/20220514.133713.089.2022-05-14_SA_CL1_LowConc-067_RI Tomogram.tiff
2025-01-11 02:57:36,270 - ERROR - Error with pool
Traceback (most recent call last):
  File "/usr/lib/python3.12/multiprocessing/pool.py", line 856, in next
    item = self._items.popleft()
           ^^^^^^^^^^^^^^^^^^^^^
IndexError: pop from an empty deque

During handling of the above exception, another exception occurred:

Traceback (most recent call last):
  File "/home/barmanlab/pyQPI/src/main/process_dataset.py", line 369, in process_directory
    for result in pool.imap_unordered(process_file_worker, chunk):
  File "/usr/lib/python3.12/multiprocessing/pool.py", line 861, in next
    self._cond.wait(timeout)
  File "/usr/lib/python3.12/threading.py", line 355, in wait
    waiter.acquire()
KeyboardInterrupt

During handling of the above exception, another exception occurred:

Traceback (most recent call last):
  File "/home/barmanlab/pyQPI/src/main/process_dataset.py", line 360, in process_directory
    with Pool(
  File "/usr/lib/python3.12/multiprocessing/pool.py", line 739, in __exit__
    self.terminate()
  File "/usr/lib/python3.12/multiprocessing/pool.py", line 657, in terminate
    self._terminate()
  File "/usr/lib/python3.12/multiprocessing/util.py", line 227, in __call__
    res = self._callback(*self._args, **self._kwargs)
          ^^^^^^^^^^^^^^^^^^^^^^^^^^^^^^^^^^^^^^^^^^^
  File "/usr/lib/python3.12/multiprocessing/pool.py", line 732, in _terminate_pool
    p.join()
  File "/usr/lib/python3.12/multiprocessing/process.py", line 149, in join
    res = self._popen.wait(timeout)
          ^^^^^^^^^^^^^^^^^^^^^^^^^
  File "/usr/lib/python3.12/multiprocessing/popen_fork.py", line 43, in wait
    return self.poll(os.WNOHANG if timeout == 0.0 else 0)
           ^^^^^^^^^^^^^^^^^^^^^^^^^^^^^^^^^^^^^^^^^^^^^^
  File "/usr/lib/python3.12/multiprocessing/popen_fork.py", line 27, in poll
    pid, sts = os.waitpid(self.pid, flag)
               ^^^^^^^^^^^^^^^^^^^^^^^^^^
KeyboardInterrupt
