2025-01-10 18:33:27,152 - INFO - Starting processing...
2025-01-10 18:34:00,073 - INFO - 2025-01-10 18:34:00 - Successfully completed ../../../mnt/f/radiation_resistance_dataset_export/cell_line_3/dish_3/20220714.233917.026.AT_2022_07-14_CL3-077_RI Tomogram.tiff
2025-01-10 18:34:00,507 - INFO - 2025-01-10 18:34:00 - Successfully completed ../../../mnt/f/radiation_resistance_dataset_export/cell_line_3/dish_3/20220714.233953.182.AT_2022_07-14_CL3-079_RI Tomogram.tiff
2025-01-10 18:34:00,551 - INFO - 2025-01-10 18:34:00 - Successfully completed ../../../mnt/f/radiation_resistance_dataset_export/cell_line_3/dish_3/20220714.233801.059.AT_2022_07-14_CL3-071_RI Tomogram.tiff
2025-01-10 18:34:09,137 - INFO - 2025-01-10 18:34:09 - Successfully completed ../../../mnt/f/radiation_resistance_dataset_export/cell_line_3/dish_3/20220714.234113.011.AT_2022_07-14_CL3-081_RI Tomogram.tiff
2025-01-10 18:34:09,307 - INFO - 2025-01-10 18:34:09 - Successfully completed ../../../mnt/f/radiation_resistance_dataset_export/cell_line_3/dish_3/20220714.234149.979.AT_2022_07-14_CL3-083_RI Tomogram.tiff
2025-01-10 18:34:09,973 - INFO - 2025-01-10 18:34:09 - Successfully completed ../../../mnt/f/radiation_resistance_dataset_export/cell_line_3/dish_3/20220714.234209.480.AT_2022_07-14_CL3-085_RI Tomogram.tiff
2025-01-10 18:34:18,326 - INFO - 2025-01-10 18:34:18 - Successfully completed ../../../mnt/f/radiation_resistance_dataset_export/cell_line_3/dish_3/20220714.234339.463.AT_2022_07-14_CL3-091_RI Tomogram.tiff
2025-01-10 18:34:18,432 - INFO - 2025-01-10 18:34:18 - Successfully completed ../../../mnt/f/radiation_resistance_dataset_export/cell_line_3/dish_3/20220714.234227.150.AT_2022_07-14_CL3-087_RI Tomogram.tiff
2025-01-10 18:34:18,697 - INFO - 2025-01-10 18:34:18 - Successfully completed ../../../mnt/f/radiation_resistance_dataset_export/cell_line_3/dish_3/20220714.234322.603.AT_2022_07-14_CL3-089_RI Tomogram.tiff
2025-01-10 18:34:27,942 - INFO - 2025-01-10 18:34:27 - Successfully completed ../../../mnt/f/radiation_resistance_dataset_export/cell_line_3/dish_3/20220714.234440.401.AT_2022_07-14_CL3-095_RI Tomogram.tiff
2025-01-10 18:34:27,960 - INFO - 2025-01-10 18:34:27 - Successfully completed ../../../mnt/f/radiation_resistance_dataset_export/cell_line_3/dish_3/20220714.234509.653.AT_2022_07-14_CL3-097_RI Tomogram.tiff
2025-01-10 18:34:28,199 - INFO - 2025-01-10 18:34:28 - Successfully completed ../../../mnt/f/radiation_resistance_dataset_export/cell_line_3/dish_3/20220714.234410.743.AT_2022_07-14_CL3-093_RI Tomogram.tiff
2025-01-10 18:34:37,397 - INFO - 2025-01-10 18:34:37 - Successfully completed ../../../mnt/f/radiation_resistance_dataset_export/cell_line_3/dish_3/20220714.234521.633.AT_2022_07-14_CL3-099_RI Tomogram.tiff
2025-01-10 18:34:37,398 - INFO - 2025-01-10 18:34:37 - Successfully completed ../../../mnt/f/radiation_resistance_dataset_export/cell_line_3/dish_3/20220714.234623.383.AT_2022_07-14_CL3-103_RI Tomogram.tiff
2025-01-10 18:34:37,537 - INFO - 2025-01-10 18:34:37 - Successfully completed ../../../mnt/f/radiation_resistance_dataset_export/cell_line_3/dish_3/20220714.234534.026.AT_2022_07-14_CL3-101_RI Tomogram.tiff
2025-01-10 18:34:47,070 - INFO - 2025-01-10 18:34:47 - Successfully completed ../../../mnt/f/radiation_resistance_dataset_export/cell_line_3/dish_3/20220714.234707.872.AT_2022_07-14_CL3-107_RI Tomogram.tiff
2025-01-10 18:34:47,269 - INFO - 2025-01-10 18:34:47 - Successfully completed ../../../mnt/f/radiation_resistance_dataset_export/cell_line_3/dish_3/20220714.235233.477.AT_2022_07-14_CL3-109_RI Tomogram.tiff
2025-01-10 18:34:49,576 - INFO - 2025-01-10 18:34:49 - Successfully completed ../../../mnt/f/radiation_resistance_dataset_export/cell_line_3/dish_3/20220714.234648.368.AT_2022_07-14_CL3-105_RI Tomogram.tiff
2025-01-10 18:34:55,786 - INFO - 2025-01-10 18:34:55 - Successfully completed ../../../mnt/f/radiation_resistance_dataset_export/cell_line_3/dish_3/20220714.235252.167.AT_2022_07-14_CL3-111_RI Tomogram.tiff
2025-01-10 18:34:56,362 - INFO - 2025-01-10 18:34:56 - Successfully completed ../../../mnt/f/radiation_resistance_dataset_export/cell_line_3/dish_3/20220714.235409.758.AT_2022_07-14_CL3-115_RI Tomogram.tiff
2025-01-10 18:34:56,584 - INFO - 2025-01-10 18:34:56 - Successfully completed ../../../mnt/f/radiation_resistance_dataset_export/cell_line_3/dish_3/20220714.235329.337.AT_2022_07-14_CL3-113_RI Tomogram.tiff
2025-01-10 18:35:04,697 - INFO - 2025-01-10 18:35:04 - Successfully completed ../../../mnt/f/radiation_resistance_dataset_export/cell_line_3/dish_3/20220714.235520.448.AT_2022_07-14_CL3-121_RI Tomogram.tiff
2025-01-10 18:35:04,871 - INFO - 2025-01-10 18:35:04 - Successfully completed ../../../mnt/f/radiation_resistance_dataset_export/cell_line_3/dish_3/20220714.235422.355.AT_2022_07-14_CL3-117_RI Tomogram.tiff
2025-01-10 18:35:05,430 - INFO - 2025-01-10 18:35:05 - Successfully completed ../../../mnt/f/radiation_resistance_dataset_export/cell_line_3/dish_3/20220714.235446.931.AT_2022_07-14_CL3-119_RI Tomogram.tiff
2025-01-10 18:35:13,150 - INFO - 2025-01-10 18:35:13 - Successfully completed ../../../mnt/f/radiation_resistance_dataset_export/cell_line_3/dish_3/20220714.235545.027.AT_2022_07-14_CL3-123_RI Tomogram.tiff
2025-01-10 18:35:13,469 - INFO - 2025-01-10 18:35:13 - Successfully completed ../../../mnt/f/radiation_resistance_dataset_export/cell_line_3/dish_3/20220714.235646.775.AT_2022_07-14_CL3-127_RI Tomogram.tiff
2025-01-10 18:35:13,653 - INFO - 2025-01-10 18:35:13 - Successfully completed ../../../mnt/f/radiation_resistance_dataset_export/cell_line_3/dish_3/20220714.235608.790.AT_2022_07-14_CL3-125_RI Tomogram.tiff
2025-01-10 18:35:22,721 - INFO - 2025-01-10 18:35:22 - Successfully completed ../../../mnt/f/radiation_resistance_dataset_export/cell_line_3/dish_3/20220714.235807.214.AT_2022_07-14_CL3-133_RI Tomogram.tiff
2025-01-10 18:35:22,947 - INFO - 2025-01-10 18:35:22 - Successfully completed ../../../mnt/f/radiation_resistance_dataset_export/cell_line_3/dish_3/20220714.235704.447.AT_2022_07-14_CL3-129_RI Tomogram.tiff
2025-01-10 18:35:22,983 - INFO - 2025-01-10 18:35:22 - Successfully completed ../../../mnt/f/radiation_resistance_dataset_export/cell_line_3/dish_3/20220714.235720.900.AT_2022_07-14_CL3-131_RI Tomogram.tiff
2025-01-10 18:35:33,369 - INFO - 2025-01-10 18:35:33 - Successfully completed ../../../mnt/f/radiation_resistance_dataset_export/cell_line_3/dish_3/20220714.235830.572.AT_2022_07-14_CL3-135_RI Tomogram.tiff
2025-01-10 18:35:33,500 - INFO - 2025-01-10 18:35:33 - Successfully completed ../../../mnt/f/radiation_resistance_dataset_export/cell_line_3/dish_3/20220714.235849.058.AT_2022_07-14_CL3-137_RI Tomogram.tiff
2025-01-10 18:35:34,230 - INFO - 2025-01-10 18:35:34 - Successfully completed ../../../mnt/f/radiation_resistance_dataset_export/cell_line_3/dish_3/20220714.235924.401.AT_2022_07-14_CL3-139_RI Tomogram.tiff
2025-01-10 18:35:42,266 - INFO - 2025-01-10 18:35:42 - Successfully completed ../../../mnt/f/radiation_resistance_dataset_export/cell_line_3/dish_3/20220715.000006.245.AT_2022_07-14_CL3-001_RI Tomogram.tiff
2025-01-10 18:35:42,501 - INFO - 2025-01-10 18:35:42 - Successfully completed ../../../mnt/f/radiation_resistance_dataset_export/cell_line_3/dish_3/20220714.235946.541.AT_2022_07-14_CL3-141_RI Tomogram.tiff
2025-01-10 18:35:42,568 - INFO - 2025-01-10 18:35:42 - Successfully completed ../../../mnt/f/radiation_resistance_dataset_export/cell_line_3/dish_3/20220715.000050.120.AT_2022_07-14_CL3-003_RI Tomogram.tiff
2025-01-10 18:35:52,284 - INFO - 2025-01-10 18:35:52 - Successfully completed ../../../mnt/f/radiation_resistance_dataset_export/cell_line_3/dish_3/20220715.000308.447.AT_2022_07-14_CL3-009_RI Tomogram.tiff
2025-01-10 18:35:52,286 - INFO - 2025-01-10 18:35:52 - Successfully completed ../../../mnt/f/radiation_resistance_dataset_export/cell_line_3/dish_3/20220715.000108.200.AT_2022_07-14_CL3-005_RI Tomogram.tiff
2025-01-10 18:35:52,329 - INFO - 2025-01-10 18:35:52 - Successfully completed ../../../mnt/f/radiation_resistance_dataset_export/cell_line_3/dish_3/20220715.000147.810.AT_2022_07-14_CL3-007_RI Tomogram.tiff
2025-01-10 18:36:02,258 - INFO - 2025-01-10 18:36:02 - Successfully completed ../../../mnt/f/radiation_resistance_dataset_export/cell_line_3/dish_3/20220715.000404.102.AT_2022_07-14_CL3-013_RI Tomogram.tiff
2025-01-10 18:36:02,348 - INFO - 2025-01-10 18:36:02 - Successfully completed ../../../mnt/f/radiation_resistance_dataset_export/cell_line_3/dish_3/20220715.000344.606.AT_2022_07-14_CL3-011_RI Tomogram.tiff
2025-01-10 18:36:02,460 - INFO - 2025-01-10 18:36:02 - Successfully completed ../../../mnt/f/radiation_resistance_dataset_export/cell_line_3/dish_3/20220715.000438.836.AT_2022_07-14_CL3-015_RI Tomogram.tiff
2025-01-10 18:36:12,175 - INFO - 2025-01-10 18:36:12 - Successfully completed ../../../mnt/f/radiation_resistance_dataset_export/cell_line_3/dish_3/20220715.000601.915.AT_2022_07-14_CL3-019_RI Tomogram.tiff
2025-01-10 18:36:12,235 - INFO - 2025-01-10 18:36:12 - Successfully completed ../../../mnt/f/radiation_resistance_dataset_export/cell_line_3/dish_3/20220715.000544.040.AT_2022_07-14_CL3-017_RI Tomogram.tiff
2025-01-10 18:36:12,407 - INFO - 2025-01-10 18:36:12 - Successfully completed ../../../mnt/f/radiation_resistance_dataset_export/cell_line_3/dish_3/20220715.000621.416.AT_2022_07-14_CL3-021_RI Tomogram.tiff
2025-01-10 18:36:21,681 - INFO - 2025-01-10 18:36:21 - Successfully completed ../../../mnt/f/radiation_resistance_dataset_export/cell_line_3/dish_3/20220715.000643.763.AT_2022_07-14_CL3-023_RI Tomogram.tiff
2025-01-10 18:36:21,995 - INFO - 2025-01-10 18:36:21 - Successfully completed ../../../mnt/f/radiation_resistance_dataset_export/cell_line_3/dish_3/20220715.000824.713.AT_2022_07-14_CL3-025_RI Tomogram.tiff
2025-01-10 18:36:22,060 - INFO - 2025-01-10 18:36:22 - Successfully completed ../../../mnt/f/radiation_resistance_dataset_export/cell_line_3/dish_3/20220715.000928.291.AT_2022_07-14_CL3-027_RI Tomogram.tiff
2025-01-10 18:36:31,075 - INFO - 2025-01-10 18:36:31 - Successfully completed ../../../mnt/f/radiation_resistance_dataset_export/cell_line_3/dish_3/20220715.001052.387.AT_2022_07-14_CL3-031_RI Tomogram.tiff
2025-01-10 18:36:31,404 - INFO - 2025-01-10 18:36:31 - Successfully completed ../../../mnt/f/radiation_resistance_dataset_export/cell_line_3/dish_3/20220715.000945.961.AT_2022_07-14_CL3-029_RI Tomogram.tiff
2025-01-10 18:36:31,679 - INFO - 2025-01-10 18:36:31 - Successfully completed ../../../mnt/f/radiation_resistance_dataset_export/cell_line_3/dish_3/20220715.001111.274.AT_2022_07-14_CL3-033_RI Tomogram.tiff
2025-01-10 18:36:40,520 - INFO - 2025-01-10 18:36:40 - Successfully completed ../../../mnt/f/radiation_resistance_dataset_export/cell_line_3/dish_3/20220715.001147.227.AT_2022_07-14_CL3-037_RI Tomogram.tiff
2025-01-10 18:36:40,545 - INFO - 2025-01-10 18:36:40 - Successfully completed ../../../mnt/f/radiation_resistance_dataset_export/cell_line_3/dish_3/20220715.001128.134.AT_2022_07-14_CL3-035_RI Tomogram.tiff
2025-01-10 18:36:40,562 - INFO - 2025-01-10 18:36:40 - Successfully completed ../../../mnt/f/radiation_resistance_dataset_export/cell_line_3/dish_3/20220715.001202.664.AT_2022_07-14_CL3-039_RI Tomogram.tiff
2025-01-10 18:36:48,834 - INFO - 2025-01-10 18:36:48 - Successfully completed ../../../mnt/f/radiation_resistance_dataset_export/cell_line_3/dish_3/20220715.001246.947.AT_2022_07-14_CL3-045_RI Tomogram.tiff
2025-01-10 18:36:49,317 - INFO - 2025-01-10 18:36:49 - Successfully completed ../../../mnt/f/radiation_resistance_dataset_export/cell_line_3/dish_3/20220715.001215.461.AT_2022_07-14_CL3-041_RI Tomogram.tiff
2025-01-10 18:36:49,349 - INFO - 2025-01-10 18:36:49 - Successfully completed ../../../mnt/f/radiation_resistance_dataset_export/cell_line_3/dish_3/20220715.001236.793.AT_2022_07-14_CL3-043_RI Tomogram.tiff
2025-01-10 18:36:58,055 - INFO - 2025-01-10 18:36:58 - Successfully completed ../../../mnt/f/radiation_resistance_dataset_export/cell_line_3/dish_3/20220715.001318.024.AT_2022_07-14_CL3-047_RI Tomogram.tiff
2025-01-10 18:36:58,359 - INFO - 2025-01-10 18:36:58 - Successfully completed ../../../mnt/f/radiation_resistance_dataset_export/cell_line_3/dish_3/20220715.001334.277.AT_2022_07-14_CL3-049_RI Tomogram.tiff
2025-01-10 18:37:01,259 - INFO - 2025-01-10 18:37:01 - Successfully completed ../../../mnt/f/radiation_resistance_dataset_export/cell_line_3/dish_3/20220715.001404.135.AT_2022_07-14_CL3-051_RI Tomogram.tiff
2025-01-10 18:37:06,700 - INFO - 2025-01-10 18:37:06 - Successfully completed ../../../mnt/f/radiation_resistance_dataset_export/cell_line_3/dish_3/20220715.001426.072.AT_2022_07-14_CL3-053_RI Tomogram.tiff
2025-01-10 18:37:07,013 - INFO - 2025-01-10 18:37:07 - Successfully completed ../../../mnt/f/radiation_resistance_dataset_export/cell_line_3/dish_3/20220715.001512.992.AT_2022_07-14_CL3-055_RI Tomogram.tiff
2025-01-10 18:37:08,175 - INFO - 2025-01-10 18:37:08 - Successfully completed ../../../mnt/f/radiation_resistance_dataset_export/cell_line_3/dish_3/20220715.001531.682.AT_2022_07-14_CL3-057_RI Tomogram.tiff
2025-01-10 18:37:14,848 - INFO - 2025-01-10 18:37:14 - Successfully completed ../../../mnt/f/radiation_resistance_dataset_export/cell_line_3/dish_3/20220715.001550.778.AT_2022_07-14_CL3-059_RI Tomogram.tiff
2025-01-10 18:37:15,331 - INFO - 2025-01-10 18:37:15 - Successfully completed ../../../mnt/f/radiation_resistance_dataset_export/cell_line_3/dish_3/20220715.001626.120.AT_2022_07-14_CL3-063_RI Tomogram.tiff
2025-01-10 18:37:15,585 - INFO - 2025-01-10 18:37:15 - Successfully completed ../../../mnt/f/radiation_resistance_dataset_export/cell_line_3/dish_3/20220715.001607.025.AT_2022_07-14_CL3-061_RI Tomogram.tiff
2025-01-10 18:37:24,934 - INFO - 2025-01-10 18:37:24 - Successfully completed ../../../mnt/f/radiation_resistance_dataset_export/cell_line_3/dish_3/20220715.001739.447.AT_2022_07-14_CL3-069_RI Tomogram.tiff
2025-01-10 18:37:24,934 - INFO - 2025-01-10 18:37:24 - Successfully completed ../../../mnt/f/radiation_resistance_dataset_export/cell_line_3/dish_3/20220715.001647.042.AT_2022_07-14_CL3-065_RI Tomogram.tiff
2025-01-10 18:37:24,935 - INFO - 2025-01-10 18:37:24 - Successfully completed ../../../mnt/f/radiation_resistance_dataset_export/cell_line_3/dish_3/20220715.001716.899.AT_2022_07-14_CL3-067_RI Tomogram.tiff
2025-01-10 18:37:34,138 - INFO - 2025-01-10 18:37:34 - Successfully completed ../../../mnt/f/radiation_resistance_dataset_export/cell_line_3/dish_3/20220715.001757.119.AT_2022_07-14_CL3-071_RI Tomogram.tiff
2025-01-10 18:37:34,720 - INFO - 2025-01-10 18:37:34 - Successfully completed ../../../mnt/f/radiation_resistance_dataset_export/cell_line_3/dish_3/20220715.001817.228.AT_2022_07-14_CL3-073_RI Tomogram.tiff
2025-01-10 18:37:34,768 - INFO - 2025-01-10 18:37:34 - Successfully completed ../../../mnt/f/radiation_resistance_dataset_export/cell_line_3/dish_3/20220715.001840.588.AT_2022_07-14_CL3-075_RI Tomogram.tiff
2025-01-10 18:37:43,385 - INFO - 2025-01-10 18:37:43 - Successfully completed ../../../mnt/f/radiation_resistance_dataset_export/cell_line_3/dish_3/20220715.001926.090.AT_2022_07-14_CL3-077_RI Tomogram.tiff
2025-01-10 18:37:43,459 - INFO - 2025-01-10 18:37:43 - Successfully completed ../../../mnt/f/radiation_resistance_dataset_export/cell_line_3/dish_3/20220715.002026.417.AT_2022_07-14_CL3-081_RI Tomogram.tiff
2025-01-10 18:37:43,578 - INFO - 2025-01-10 18:37:43 - Successfully completed ../../../mnt/f/radiation_resistance_dataset_export/cell_line_3/dish_3/20220715.001941.526.AT_2022_07-14_CL3-079_RI Tomogram.tiff
2025-01-10 18:37:52,849 - INFO - 2025-01-10 18:37:52 - Successfully completed ../../../mnt/f/radiation_resistance_dataset_export/cell_line_3/dish_3/20220715.002045.510.AT_2022_07-14_CL3-083_RI Tomogram.tiff
2025-01-10 18:37:52,999 - INFO - 2025-01-10 18:37:52 - Successfully completed ../../../mnt/f/radiation_resistance_dataset_export/cell_line_3/dish_3/20220715.002115.573.AT_2022_07-14_CL3-085_RI Tomogram.tiff
2025-01-10 18:37:53,043 - INFO - 2025-01-10 18:37:53 - Successfully completed ../../../mnt/f/radiation_resistance_dataset_export/cell_line_3/dish_3/20220715.002131.212.AT_2022_07-14_CL3-087_RI Tomogram.tiff
2025-01-10 18:37:58,375 - INFO - 2025-01-10 18:37:58 - Successfully completed ../../../mnt/f/radiation_resistance_dataset_export/cell_line_3/dish_3/20220715.002147.666.AT_2022_07-14_CL3-089_RI Tomogram.tiff
2025-01-10 18:38:08,083 - INFO - 2025-01-10 18:38:08 - Successfully completed ../../../mnt/f/radiation_resistance_dataset_export/cell_line_3/dish_4/20220720.162924.856.AT_07-20-2022_CL3-005_RI Tomogram.tiff
2025-01-10 18:38:10,137 - INFO - 2025-01-10 18:38:10 - Successfully completed ../../../mnt/f/radiation_resistance_dataset_export/cell_line_3/dish_4/20220720.162847.076.AT_07-20-2022_CL3-001_RI Tomogram.tiff
2025-01-10 18:38:10,457 - INFO - 2025-01-10 18:38:10 - Successfully completed ../../../mnt/f/radiation_resistance_dataset_export/cell_line_3/dish_4/20220720.162905.761.AT_07-20-2022_CL3-003_RI Tomogram.tiff
2025-01-10 18:38:15,848 - INFO - 2025-01-10 18:38:15 - Successfully completed ../../../mnt/f/radiation_resistance_dataset_export/cell_line_3/dish_4/20220720.162943.747.AT_07-20-2022_CL3-007_RI Tomogram.tiff
2025-01-10 18:38:17,233 - INFO - 2025-01-10 18:38:17 - Successfully completed ../../../mnt/f/radiation_resistance_dataset_export/cell_line_3/dish_4/20220720.163021.936.AT_07-20-2022_CL3-011_RI Tomogram.tiff
2025-01-10 18:38:17,429 - INFO - 2025-01-10 18:38:17 - Successfully completed ../../../mnt/f/radiation_resistance_dataset_export/cell_line_3/dish_4/20220720.163001.013.AT_07-20-2022_CL3-009_RI Tomogram.tiff
2025-01-10 18:38:21,351 - INFO - 2025-01-10 18:38:21 - Successfully completed ../../../mnt/f/radiation_resistance_dataset_export/cell_line_3/dish_4/20220720.163038.792.AT_07-20-2022_CL3-013_RI Tomogram.tiff
2025-01-10 18:38:23,289 - INFO - 2025-01-10 18:38:23 - Successfully completed ../../../mnt/f/radiation_resistance_dataset_export/cell_line_3/dish_4/20220720.163051.997.AT_07-20-2022_CL3-015_RI Tomogram.tiff
2025-01-10 18:38:23,691 - INFO - 2025-01-10 18:38:23 - Successfully completed ../../../mnt/f/radiation_resistance_dataset_export/cell_line_3/dish_4/20220720.163108.447.AT_07-20-2022_CL3-017_RI Tomogram.tiff
2025-01-10 18:38:27,212 - INFO - 2025-01-10 18:38:27 - Successfully completed ../../../mnt/f/radiation_resistance_dataset_export/cell_line_3/dish_4/20220720.163143.589.AT_07-20-2022_CL3-019_RI Tomogram.tiff
2025-01-10 18:38:30,150 - INFO - 2025-01-10 18:38:30 - Successfully completed ../../../mnt/f/radiation_resistance_dataset_export/cell_line_3/dish_4/20220720.163159.841.AT_07-20-2022_CL3-021_RI Tomogram.tiff
2025-01-10 18:38:30,381 - INFO - 2025-01-10 18:38:30 - Successfully completed ../../../mnt/f/radiation_resistance_dataset_export/cell_line_3/dish_4/20220720.163222.183.AT_07-20-2022_CL3-023_RI Tomogram.tiff
2025-01-10 18:38:33,199 - INFO - 2025-01-10 18:38:33 - Successfully completed ../../../mnt/f/radiation_resistance_dataset_export/cell_line_3/dish_4/20220720.163233.965.AT_07-20-2022_CL3-025_RI Tomogram.tiff
2025-01-10 18:38:37,332 - INFO - 2025-01-10 18:38:37 - Successfully completed ../../../mnt/f/radiation_resistance_dataset_export/cell_line_3/dish_4/20220720.163247.169.AT_07-20-2022_CL3-027_RI Tomogram.tiff
2025-01-10 18:38:37,553 - INFO - 2025-01-10 18:38:37 - Successfully completed ../../../mnt/f/radiation_resistance_dataset_export/cell_line_3/dish_4/20220720.163314.184.AT_07-20-2022_CL3-029_RI Tomogram.tiff
2025-01-10 18:38:42,481 - INFO - 2025-01-10 18:38:42 - Successfully completed ../../../mnt/f/radiation_resistance_dataset_export/cell_line_3/dish_4/20220720.163331.046.AT_07-20-2022_CL3-031_RI Tomogram.tiff
2025-01-10 18:38:45,761 - INFO - 2025-01-10 18:38:45 - Successfully completed ../../../mnt/f/radiation_resistance_dataset_export/cell_line_3/dish_4/20220720.163416.339.AT_07-20-2022_CL3-035_RI Tomogram.tiff
2025-01-10 18:38:47,688 - INFO - 2025-01-10 18:38:47 - Successfully completed ../../../mnt/f/radiation_resistance_dataset_export/cell_line_3/dish_4/20220720.163342.214.AT_07-20-2022_CL3-033_RI Tomogram.tiff
2025-01-10 18:38:48,397 - INFO - 2025-01-10 18:38:48 - Successfully completed ../../../mnt/f/radiation_resistance_dataset_export/cell_line_3/dish_4/20220720.163429.542.AT_07-20-2022_CL3-037_RI Tomogram.tiff
2025-01-10 18:38:51,188 - INFO - 2025-01-10 18:38:51 - Successfully completed ../../../mnt/f/radiation_resistance_dataset_export/cell_line_3/dish_4/20220720.163500.214.AT_07-20-2022_CL3-039_RI Tomogram.tiff
2025-01-10 18:38:54,241 - INFO - 2025-01-10 18:38:54 - Successfully completed ../../../mnt/f/radiation_resistance_dataset_export/cell_line_3/dish_4/20220720.163516.666.AT_07-20-2022_CL3-041_RI Tomogram.tiff
2025-01-10 18:38:54,265 - INFO - 2025-01-10 18:38:54 - Successfully completed ../../../mnt/f/radiation_resistance_dataset_export/cell_line_3/dish_4/20220720.163546.327.AT_07-20-2022_CL3-043_RI Tomogram.tiff
2025-01-10 18:38:56,857 - INFO - 2025-01-10 18:38:56 - Successfully completed ../../../mnt/f/radiation_resistance_dataset_export/cell_line_3/dish_4/20220720.163609.886.AT_07-20-2022_CL3-045_RI Tomogram.tiff
2025-01-10 18:39:01,240 - INFO - 2025-01-10 18:39:01 - Successfully completed ../../../mnt/f/radiation_resistance_dataset_export/cell_line_3/dish_4/20220720.163623.700.AT_07-20-2022_CL3-047_RI Tomogram.tiff
2025-01-10 18:39:01,881 - INFO - 2025-01-10 18:39:01 - Successfully completed ../../../mnt/f/radiation_resistance_dataset_export/cell_line_3/dish_4/20220720.163703.714.AT_07-20-2022_CL3-049_RI Tomogram.tiff
2025-01-10 18:39:02,555 - INFO - 2025-01-10 18:39:02 - Successfully completed ../../../mnt/f/radiation_resistance_dataset_export/cell_line_3/dish_4/20220720.163717.528.AT_07-20-2022_CL3-051_RI Tomogram.tiff
2025-01-10 18:39:11,832 - INFO - 2025-01-10 18:39:11 - Successfully completed ../../../mnt/f/radiation_resistance_dataset_export/cell_line_3/dish_4/20220720.163818.872.AT_07-20-2022_CL3-053_RI Tomogram.tiff
2025-01-10 18:39:12,184 - INFO - 2025-01-10 18:39:12 - Successfully completed ../../../mnt/f/radiation_resistance_dataset_export/cell_line_3/dish_4/20220720.163833.900.AT_07-20-2022_CL3-055_RI Tomogram.tiff
2025-01-10 18:39:12,281 - INFO - 2025-01-10 18:39:12 - Successfully completed ../../../mnt/f/radiation_resistance_dataset_export/cell_line_3/dish_4/20220720.163845.279.AT_07-20-2022_CL3-057_RI Tomogram.tiff
2025-01-10 18:39:19,255 - INFO - 2025-01-10 18:39:19 - Successfully completed ../../../mnt/f/radiation_resistance_dataset_export/cell_line_3/dish_4/20220720.163859.701.AT_07-20-2022_CL3-059_RI Tomogram.tiff
2025-01-10 18:39:20,632 - INFO - 2025-01-10 18:39:20 - Successfully completed ../../../mnt/f/radiation_resistance_dataset_export/cell_line_3/dish_4/20220720.163912.293.AT_07-20-2022_CL3-061_RI Tomogram.tiff
2025-01-10 18:39:20,644 - INFO - 2025-01-10 18:39:20 - Successfully completed ../../../mnt/f/radiation_resistance_dataset_export/cell_line_3/dish_4/20220720.163926.918.AT_07-20-2022_CL3-063_RI Tomogram.tiff
2025-01-10 18:39:27,828 - INFO - 2025-01-10 18:39:27 - Successfully completed ../../../mnt/f/radiation_resistance_dataset_export/cell_line_3/dish_4/20220720.164004.699.AT_07-20-2022_CL3-067_RI Tomogram.tiff
2025-01-10 18:39:28,067 - INFO - 2025-01-10 18:39:28 - Successfully completed ../../../mnt/f/radiation_resistance_dataset_export/cell_line_3/dish_4/20220720.163938.092.AT_07-20-2022_CL3-065_RI Tomogram.tiff
2025-01-10 18:39:28,734 - INFO - 2025-01-10 18:39:28 - Successfully completed ../../../mnt/f/radiation_resistance_dataset_export/cell_line_3/dish_4/20220720.164035.168.AT_07-20-2022_CL3-069_RI Tomogram.tiff
2025-01-10 18:39:36,240 - INFO - 2025-01-10 18:39:36 - Successfully completed ../../../mnt/f/radiation_resistance_dataset_export/cell_line_3/dish_4/20220720.164052.639.AT_07-20-2022_CL3-071_RI Tomogram.tiff
2025-01-10 18:39:36,446 - INFO - 2025-01-10 18:39:36 - Successfully completed ../../../mnt/f/radiation_resistance_dataset_export/cell_line_3/dish_4/20220720.164105.027.AT_07-20-2022_CL3-073_RI Tomogram.tiff
2025-01-10 18:39:36,549 - INFO - 2025-01-10 18:39:36 - Successfully completed ../../../mnt/f/radiation_resistance_dataset_export/cell_line_3/dish_4/20220720.164122.295.AT_07-20-2022_CL3-075_RI Tomogram.tiff
2025-01-10 18:39:44,840 - INFO - 2025-01-10 18:39:44 - Successfully completed ../../../mnt/f/radiation_resistance_dataset_export/cell_line_3/dish_4/20220720.164229.121.AT_07-20-2022_CL3-081_RI Tomogram.tiff
2025-01-10 18:39:44,946 - INFO - 2025-01-10 18:39:44 - Successfully completed ../../../mnt/f/radiation_resistance_dataset_export/cell_line_3/dish_4/20220720.164214.092.AT_07-20-2022_CL3-079_RI Tomogram.tiff
2025-01-10 18:39:45,016 - INFO - 2025-01-10 18:39:45 - Successfully completed ../../../mnt/f/radiation_resistance_dataset_export/cell_line_3/dish_4/20220720.164146.061.AT_07-20-2022_CL3-077_RI Tomogram.tiff
2025-01-10 18:39:52,762 - INFO - 2025-01-10 18:39:52 - Successfully completed ../../../mnt/f/radiation_resistance_dataset_export/cell_line_3/dish_4/20220720.164305.481.AT_07-20-2022_CL3-085_RI Tomogram.tiff
2025-01-10 18:39:53,143 - INFO - 2025-01-10 18:39:53 - Successfully completed ../../../mnt/f/radiation_resistance_dataset_export/cell_line_3/dish_4/20220720.164245.982.AT_07-20-2022_CL3-083_RI Tomogram.tiff
2025-01-10 18:39:53,146 - INFO - 2025-01-10 18:39:53 - Successfully completed ../../../mnt/f/radiation_resistance_dataset_export/cell_line_3/dish_4/20220720.164338.999.AT_07-20-2022_CL3-087_RI Tomogram.tiff
2025-01-10 18:39:59,990 - INFO - 2025-01-10 18:39:59 - Successfully completed ../../../mnt/f/radiation_resistance_dataset_export/cell_line_3/dish_4/20220720.164409.263.AT_07-20-2022_CL3-089_RI Tomogram.tiff
2025-01-10 18:40:01,913 - INFO - 2025-01-10 18:40:01 - Successfully completed ../../../mnt/f/radiation_resistance_dataset_export/cell_line_3/dish_4/20220720.164448.467.AT_07-20-2022_CL3-093_RI Tomogram.tiff
2025-01-10 18:40:02,045 - INFO - 2025-01-10 18:40:02 - Successfully completed ../../../mnt/f/radiation_resistance_dataset_export/cell_line_3/dish_4/20220720.164429.170.AT_07-20-2022_CL3-091_RI Tomogram.tiff
2025-01-10 18:40:08,685 - INFO - 2025-01-10 18:40:08 - Successfully completed ../../../mnt/f/radiation_resistance_dataset_export/cell_line_3/dish_4/20220720.164530.106.AT_07-20-2022_CL3-095_RI Tomogram.tiff
2025-01-10 18:40:09,589 - INFO - 2025-01-10 18:40:09 - Successfully completed ../../../mnt/f/radiation_resistance_dataset_export/cell_line_3/dish_4/20220720.164541.074.AT_07-20-2022_CL3-097_RI Tomogram.tiff
2025-01-10 18:40:09,611 - INFO - 2025-01-10 18:40:09 - Successfully completed ../../../mnt/f/radiation_resistance_dataset_export/cell_line_3/dish_4/20220720.164623.932.AT_07-20-2022_CL3-099_RI Tomogram.tiff
2025-01-10 18:40:16,429 - INFO - 2025-01-10 18:40:16 - Successfully completed ../../../mnt/f/radiation_resistance_dataset_export/cell_line_3/dish_4/20220720.164643.434.AT_07-20-2022_CL3-101_RI Tomogram.tiff
2025-01-10 18:40:16,924 - INFO - 2025-01-10 18:40:16 - Successfully completed ../../../mnt/f/radiation_resistance_dataset_export/cell_line_3/dish_4/20220720.164706.998.AT_07-20-2022_CL3-103_RI Tomogram.tiff
2025-01-10 18:40:17,173 - INFO - 2025-01-10 18:40:17 - Successfully completed ../../../mnt/f/radiation_resistance_dataset_export/cell_line_3/dish_4/20220720.164722.028.AT_07-20-2022_CL3-105_RI Tomogram.tiff
2025-01-10 18:40:23,888 - INFO - 2025-01-10 18:40:23 - Successfully completed ../../../mnt/f/radiation_resistance_dataset_export/cell_line_3/dish_4/20220720.164755.545.AT_07-20-2022_CL3-107_RI Tomogram.tiff
2025-01-10 18:40:24,256 - INFO - 2025-01-10 18:40:24 - Successfully completed ../../../mnt/f/radiation_resistance_dataset_export/cell_line_3/dish_4/20220720.164809.765.AT_07-20-2022_CL3-109_RI Tomogram.tiff
2025-01-10 18:40:24,304 - INFO - 2025-01-10 18:40:24 - Successfully completed ../../../mnt/f/radiation_resistance_dataset_export/cell_line_3/dish_4/20220720.164841.652.AT_07-20-2022_CL3-111_RI Tomogram.tiff
2025-01-10 18:40:32,057 - INFO - 2025-01-10 18:40:32 - Successfully completed ../../../mnt/f/radiation_resistance_dataset_export/cell_line_3/dish_4/20220720.164858.717.AT_07-20-2022_CL3-113_RI Tomogram.tiff
2025-01-10 18:40:32,230 - INFO - 2025-01-10 18:40:32 - Successfully completed ../../../mnt/f/radiation_resistance_dataset_export/cell_line_3/dish_4/20220720.164914.964.AT_07-20-2022_CL3-115_RI Tomogram.tiff
2025-01-10 18:40:32,480 - INFO - 2025-01-10 18:40:32 - Successfully completed ../../../mnt/f/radiation_resistance_dataset_export/cell_line_3/dish_4/20220720.164959.858.AT_07-20-2022_CL3-117_RI Tomogram.tiff
2025-01-10 18:40:39,412 - INFO - 2025-01-10 18:40:39 - Successfully completed ../../../mnt/f/radiation_resistance_dataset_export/cell_line_3/dish_4/20220720.165031.340.AT_07-20-2022_CL3-119_RI Tomogram.tiff
2025-01-10 18:40:41,034 - INFO - 2025-01-10 18:40:41 - Successfully completed ../../../mnt/f/radiation_resistance_dataset_export/cell_line_3/dish_4/20220720.165159.905.AT_07-20-2022_CL3-123_RI Tomogram.tiff
2025-01-10 18:40:43,429 - INFO - 2025-01-10 18:40:43 - Successfully completed ../../../mnt/f/radiation_resistance_dataset_export/cell_line_3/dish_4/20220720.165102.621.AT_07-20-2022_CL3-121_RI Tomogram.tiff
2025-01-10 18:40:47,678 - INFO - 2025-01-10 18:40:47 - Successfully completed ../../../mnt/f/radiation_resistance_dataset_export/cell_line_3/dish_4/20220720.165256.372.AT_07-20-2022_CL3-127_RI Tomogram.tiff
2025-01-10 18:40:49,189 - INFO - 2025-01-10 18:40:49 - Successfully completed ../../../mnt/f/radiation_resistance_dataset_export/cell_line_3/dish_4/20220720.165320.137.AT_07-20-2022_CL3-129_RI Tomogram.tiff
2025-01-10 18:40:50,388 - INFO - 2025-01-10 18:40:50 - Successfully completed ../../../mnt/f/radiation_resistance_dataset_export/cell_line_3/dish_4/20220720.165235.044.AT_07-20-2022_CL3-125_RI Tomogram.tiff
2025-01-10 18:40:54,497 - INFO - 2025-01-10 18:40:54 - Successfully completed ../../../mnt/f/radiation_resistance_dataset_export/cell_line_3/dish_4/20220720.165339.027.AT_07-20-2022_CL3-131_RI Tomogram.tiff
2025-01-10 18:40:55,216 - INFO - 2025-01-10 18:40:55 - Successfully completed ../../../mnt/f/radiation_resistance_dataset_export/cell_line_3/dish_4/20220720.165411.936.AT_07-20-2022_CL3-133_RI Tomogram.tiff
2025-01-10 18:40:55,496 - INFO - 2025-01-10 18:40:55 - Successfully completed ../../../mnt/f/radiation_resistance_dataset_export/cell_line_3/dish_4/20220720.165435.699.AT_07-20-2022_CL3-135_RI Tomogram.tiff
2025-01-10 18:40:59,495 - INFO - 2025-01-10 18:40:59 - Successfully completed ../../../mnt/f/radiation_resistance_dataset_export/cell_line_3/dish_4/20220720.165459.264.AT_07-20-2022_CL3-137_RI Tomogram.tiff
2025-01-10 18:41:02,417 - INFO - 2025-01-10 18:41:02 - Successfully completed ../../../mnt/f/radiation_resistance_dataset_export/cell_line_3/dish_4/20220720.165554.714.AT_07-20-2022_CL3-141_RI Tomogram.tiff
2025-01-10 18:41:03,325 - INFO - 2025-01-10 18:41:03 - Successfully completed ../../../mnt/f/radiation_resistance_dataset_export/cell_line_3/dish_4/20220720.165521.200.AT_07-20-2022_CL3-139_RI Tomogram.tiff
2025-01-10 18:41:05,722 - INFO - 2025-01-10 18:41:05 - Successfully completed ../../../mnt/f/radiation_resistance_dataset_export/cell_line_3/dish_4/20220720.165621.527.AT_07-20-2022_CL3-143_RI Tomogram.tiff
2025-01-10 18:41:09,256 - INFO - 2025-01-10 18:41:09 - Successfully completed ../../../mnt/f/radiation_resistance_dataset_export/cell_line_3/dish_4/20220720.165642.449.AT_07-20-2022_CL3-145_RI Tomogram.tiff
2025-01-10 18:41:09,720 - INFO - 2025-01-10 18:41:09 - Successfully completed ../../../mnt/f/radiation_resistance_dataset_export/cell_line_3/dish_4/20220720.165657.073.AT_07-20-2022_CL3-147_RI Tomogram.tiff
2025-01-10 18:41:12,773 - INFO - 2025-01-10 18:41:12 - Successfully completed ../../../mnt/f/radiation_resistance_dataset_export/cell_line_3/dish_4/20220720.165713.937.AT_07-20-2022_CL3-149_RI Tomogram.tiff
2025-01-10 18:41:15,086 - INFO - 2025-01-10 18:41:15 - Successfully completed ../../../mnt/f/radiation_resistance_dataset_export/cell_line_3/dish_4/20220720.165731.198.AT_07-20-2022_CL3-151_RI Tomogram.tiff
2025-01-10 18:41:16,746 - INFO - 2025-01-10 18:41:16 - Successfully completed ../../../mnt/f/radiation_resistance_dataset_export/cell_line_3/dish_4/20220720.165752.121.AT_07-20-2022_CL3-153_RI Tomogram.tiff
2025-01-10 18:41:18,797 - INFO - 2025-01-10 18:41:18 - Successfully completed ../../../mnt/f/radiation_resistance_dataset_export/cell_line_3/dish_4/20220720.165803.698.AT_07-20-2022_CL3-155_RI Tomogram.tiff
2025-01-10 18:41:23,024 - INFO - 2025-01-10 18:41:23 - Successfully completed ../../../mnt/f/radiation_resistance_dataset_export/cell_line_3/dish_4/20220720.165818.936.AT_07-20-2022_CL3-157_RI Tomogram.tiff
2025-01-10 18:41:24,976 - INFO - 2025-01-10 18:41:24 - Successfully completed ../../../mnt/f/radiation_resistance_dataset_export/cell_line_3/dish_4/20220720.170242.792.AT_07-20-2022_CL3-161_RI Tomogram.tiff
2025-01-10 18:41:26,061 - INFO - 2025-01-10 18:41:26 - Successfully completed ../../../mnt/f/radiation_resistance_dataset_export/cell_line_3/dish_4/20220720.170230.401.AT_07-20-2022_CL3-159_RI Tomogram.tiff
2025-01-10 18:41:28,397 - INFO - 2025-01-10 18:41:28 - Successfully completed ../../../mnt/f/radiation_resistance_dataset_export/cell_line_3/dish_4/20220720.170302.701.AT_07-20-2022_CL3-163_RI Tomogram.tiff
2025-01-10 18:41:31,411 - INFO - 2025-01-10 18:41:31 - Successfully completed ../../../mnt/f/radiation_resistance_dataset_export/cell_line_3/dish_4/20220720.170356.526.AT_07-20-2022_CL3-167_RI Tomogram.tiff
2025-01-10 18:41:31,601 - INFO - 2025-01-10 18:41:31 - Successfully completed ../../../mnt/f/radiation_resistance_dataset_export/cell_line_3/dish_4/20220720.170316.715.AT_07-20-2022_CL3-165_RI Tomogram.tiff
2025-01-10 18:41:35,063 - INFO - 2025-01-10 18:41:35 - Successfully completed ../../../mnt/f/radiation_resistance_dataset_export/cell_line_3/dish_4/20220720.170410.341.AT_07-20-2022_CL3-169_RI Tomogram.tiff
2025-01-10 18:41:38,449 - INFO - 2025-01-10 18:41:38 - Successfully completed ../../../mnt/f/radiation_resistance_dataset_export/cell_line_3/dish_4/20220720.170437.764.AT_07-20-2022_CL3-173_RI Tomogram.tiff
2025-01-10 18:41:38,547 - INFO - 2025-01-10 18:41:38 - Successfully completed ../../../mnt/f/radiation_resistance_dataset_export/cell_line_3/dish_4/20220720.170422.325.AT_07-20-2022_CL3-171_RI Tomogram.tiff
2025-01-10 18:41:40,842 - INFO - 2025-01-10 18:41:40 - Successfully completed ../../../mnt/f/radiation_resistance_dataset_export/cell_line_3/dish_4/20220720.170447.514.AT_07-20-2022_CL3-175_RI Tomogram.tiff
2025-01-10 18:41:46,637 - INFO - 2025-01-10 18:41:46 - Successfully completed ../../../mnt/f/radiation_resistance_dataset_export/cell_line_3/dish_4/20220720.170503.354.AT_07-20-2022_CL3-177_RI Tomogram.tiff
2025-01-10 18:41:46,795 - INFO - 2025-01-10 18:41:46 - Successfully completed ../../../mnt/f/radiation_resistance_dataset_export/cell_line_3/dish_4/20220720.170608.963.AT_07-20-2022_CL3-181_RI Tomogram.tiff
2025-01-10 18:41:46,860 - INFO - 2025-01-10 18:41:46 - Successfully completed ../../../mnt/f/radiation_resistance_dataset_export/cell_line_3/dish_4/20220720.170530.980.AT_07-20-2022_CL3-179_RI Tomogram.tiff
2025-01-10 18:41:54,722 - INFO - 2025-01-10 18:41:54 - Successfully completed ../../../mnt/f/radiation_resistance_dataset_export/cell_line_3/dish_4/20220720.170620.745.AT_07-20-2022_CL3-183_RI Tomogram.tiff
2025-01-10 18:41:55,806 - INFO - 2025-01-10 18:41:55 - Successfully completed ../../../mnt/f/radiation_resistance_dataset_export/cell_line_3/dish_4/20220720.170701.572.AT_07-20-2022_CL3-187_RI Tomogram.tiff
2025-01-10 18:41:55,851 - INFO - 2025-01-10 18:41:55 - Successfully completed ../../../mnt/f/radiation_resistance_dataset_export/cell_line_3/dish_4/20220720.170646.340.AT_07-20-2022_CL3-185_RI Tomogram.tiff
2025-01-10 18:42:01,237 - INFO - 2025-01-10 18:42:01 - Successfully completed ../../../mnt/f/radiation_resistance_dataset_export/cell_line_3/dish_4/20220720.170713.358.AT_07-20-2022_CL3-189_RI Tomogram.tiff
2025-01-10 18:42:02,571 - INFO - 2025-01-10 18:42:02 - Successfully completed ../../../mnt/f/radiation_resistance_dataset_export/cell_line_3/dish_4/20220720.170725.135.AT_07-20-2022_CL3-191_RI Tomogram.tiff
2025-01-10 18:42:02,696 - INFO - 2025-01-10 18:42:02 - Successfully completed ../../../mnt/f/radiation_resistance_dataset_export/cell_line_3/dish_4/20220720.170750.527.AT_07-20-2022_CL3-193_RI Tomogram.tiff
2025-01-10 18:42:07,230 - INFO - 2025-01-10 18:42:07 - Successfully completed ../../../mnt/f/radiation_resistance_dataset_export/cell_line_3/dish_4/20220720.170827.901.AT_07-20-2022_CL3-195_RI Tomogram.tiff
2025-01-10 18:42:09,282 - INFO - 2025-01-10 18:42:09 - Successfully completed ../../../mnt/f/radiation_resistance_dataset_export/cell_line_3/dish_4/20220720.170838.671.AT_07-20-2022_CL3-197_RI Tomogram.tiff
2025-01-10 18:42:09,571 - INFO - 2025-01-10 18:42:09 - Successfully completed ../../../mnt/f/radiation_resistance_dataset_export/cell_line_3/dish_4/20220720.170850.045.AT_07-20-2022_CL3-199_RI Tomogram.tiff
2025-01-10 18:42:13,264 - INFO - 2025-01-10 18:42:13 - Successfully completed ../../../mnt/f/radiation_resistance_dataset_export/cell_line_3/dish_4/20220720.170915.232.AT_07-20-2022_CL3-201_RI Tomogram.tiff
2025-01-10 18:42:16,588 - INFO - 2025-01-10 18:42:16 - Successfully completed ../../../mnt/f/radiation_resistance_dataset_export/cell_line_3/dish_4/20220720.171004.999.AT_07-20-2022_CL3-205_RI Tomogram.tiff
2025-01-10 18:42:16,769 - INFO - 2025-01-10 18:42:16 - Successfully completed ../../../mnt/f/radiation_resistance_dataset_export/cell_line_3/dish_4/20220720.170950.573.AT_07-20-2022_CL3-203_RI Tomogram.tiff
2025-01-10 18:42:19,777 - INFO - 2025-01-10 18:42:19 - Successfully completed ../../../mnt/f/radiation_resistance_dataset_export/cell_line_3/dish_4/20220720.171028.561.AT_07-20-2022_CL3-207_RI Tomogram.tiff
2025-01-10 18:42:43,709 - INFO - 2025-01-10 18:42:43 - Successfully completed ../../../mnt/f/radiation_resistance_dataset_export/cell_line_3/dish_5/20240122.221811.807.Default-003_RI Tomogram.tiff
2025-01-10 18:43:11,525 - INFO - 2025-01-10 18:43:11 - Successfully completed ../../../mnt/f/radiation_resistance_dataset_export/cell_line_3/dish_5/20240122.222003.931.Default-004_RI Tomogram.tiff
2025-01-10 18:43:31,005 - INFO - 2025-01-10 18:43:30 - Successfully completed ../../../mnt/f/radiation_resistance_dataset_export/cell_line_3/dish_5/20240122.222229.979.Default-005_RI Tomogram.tiff
2025-01-10 18:43:45,631 - INFO - 2025-01-10 18:43:45 - Successfully completed ../../../mnt/f/radiation_resistance_dataset_export/cell_line_3/dish_5/20240122.222255.167.Default-006_RI Tomogram.tiff
2025-01-10 18:44:04,254 - INFO - 2025-01-10 18:44:04 - Successfully completed ../../../mnt/f/radiation_resistance_dataset_export/cell_line_3/dish_5/20240122.222347.977.Default-007_RI Tomogram.tiff
2025-01-10 18:44:13,001 - INFO - 2025-01-10 18:44:12 - Successfully completed ../../../mnt/f/radiation_resistance_dataset_export/cell_line_3/dish_5/20240122.221422.422.Default-001Stitching_RI Tomogram.tiff
2025-01-10 18:44:25,883 - INFO - 2025-01-10 18:44:25 - Successfully completed ../../../mnt/f/radiation_resistance_dataset_export/cell_line_3/dish_5/20240122.222521.822.Default-008_RI Tomogram.tiff
2025-01-10 18:44:38,639 - INFO - 2025-01-10 18:44:38 - Successfully completed ../../../mnt/f/radiation_resistance_dataset_export/cell_line_3/dish_5/20240122.222620.725.Default-009_RI Tomogram.tiff
2025-01-10 18:44:40,044 - INFO - 2025-01-10 18:44:40 - Successfully completed ../../../mnt/f/radiation_resistance_dataset_export/cell_line_3/dish_5/20240122.221657.500.Default-002Stitching_RI Tomogram.tiff
2025-01-10 18:44:41,371 - INFO - 2025-01-10 18:44:41 - Successfully completed ../../../mnt/f/radiation_resistance_dataset_export/cell_line_3/dish_5/20240122.222800.460.Default-010_RI Tomogram.tiff
2025-01-10 18:44:58,164 - INFO - 2025-01-10 18:44:58 - Successfully completed ../../../mnt/f/radiation_resistance_dataset_export/cell_line_3/dish_5/20240122.222813.667.Default-011_RI Tomogram.tiff
2025-01-10 18:45:00,015 - INFO - 2025-01-10 18:45:00 - Successfully completed ../../../mnt/f/radiation_resistance_dataset_export/cell_line_3/dish_5/20240122.222853.273.Default-013_RI Tomogram.tiff
2025-01-10 18:45:00,561 - INFO - 2025-01-10 18:45:00 - Successfully completed ../../../mnt/f/radiation_resistance_dataset_export/cell_line_3/dish_5/20240122.222833.164.Default-012_RI Tomogram.tiff
2025-01-10 18:45:17,828 - INFO - 2025-01-10 18:45:17 - Successfully completed ../../../mnt/f/radiation_resistance_dataset_export/cell_line_3/dish_5/20240122.222941.008.Default-014_RI Tomogram.tiff
2025-01-10 18:45:18,882 - INFO - 2025-01-10 18:45:18 - Successfully completed ../../../mnt/f/radiation_resistance_dataset_export/cell_line_3/dish_5/20240122.223013.306.Default-015_RI Tomogram.tiff
2025-01-10 18:45:37,097 - INFO - 2025-01-10 18:45:37 - Successfully completed ../../../mnt/f/radiation_resistance_dataset_export/cell_line_3/dish_5/20240122.223235.491.Default-017_RI Tomogram.tiff
2025-01-10 18:45:37,861 - INFO - 2025-01-10 18:45:37 - Successfully completed ../../../mnt/f/radiation_resistance_dataset_export/cell_line_3/dish_5/20240122.223246.867.Default-018_RI Tomogram.tiff
2025-01-10 18:45:58,080 - INFO - 2025-01-10 18:45:58 - Successfully completed ../../../mnt/f/radiation_resistance_dataset_export/cell_line_3/dish_5/20240122.223410.757.Default-019_RI Tomogram.tiff
2025-01-10 18:45:58,264 - INFO - 2025-01-10 18:45:58 - Successfully completed ../../../mnt/f/radiation_resistance_dataset_export/cell_line_3/dish_5/20240122.223432.898.Default-020_RI Tomogram.tiff
2025-01-10 18:46:15,898 - INFO - 2025-01-10 18:46:15 - Successfully completed ../../../mnt/f/radiation_resistance_dataset_export/cell_line_3/dish_5/20240122.223512.510.Default-021_RI Tomogram.tiff
2025-01-10 18:46:15,976 - INFO - 2025-01-10 18:46:15 - Successfully completed ../../../mnt/f/radiation_resistance_dataset_export/cell_line_3/dish_5/20240122.223546.836.Default-022_RI Tomogram.tiff
2025-01-10 18:46:23,497 - INFO - 2025-01-10 18:46:23 - Successfully completed ../../../mnt/f/radiation_resistance_dataset_export/cell_line_3/dish_5/20240122.223109.004.Default-016Stitching_RI Tomogram.tiff
2025-01-10 18:46:33,285 - INFO - 2025-01-10 18:46:33 - Successfully completed ../../../mnt/f/radiation_resistance_dataset_export/cell_line_3/dish_5/20240122.223625.431.Default-023_RI Tomogram.tiff
2025-01-10 18:46:33,867 - INFO - 2025-01-10 18:46:33 - Successfully completed ../../../mnt/f/radiation_resistance_dataset_export/cell_line_3/dish_5/20240122.223652.853.Default-024_RI Tomogram.tiff
2025-01-10 18:46:39,483 - INFO - 2025-01-10 18:46:39 - Successfully completed ../../../mnt/f/radiation_resistance_dataset_export/cell_line_3/dish_5/20240122.223737.135.Default-025_RI Tomogram.tiff
2025-01-10 18:46:50,889 - INFO - 2025-01-10 18:46:50 - Successfully completed ../../../mnt/f/radiation_resistance_dataset_export/cell_line_3/dish_5/20240122.224004.807.Default-026_RI Tomogram.tiff
2025-01-10 18:46:57,483 - INFO - 2025-01-10 18:46:57 - Successfully completed ../../../mnt/f/radiation_resistance_dataset_export/cell_line_3/dish_5/20240122.224254.011.Default-028_RI Tomogram.tiff
2025-01-10 18:47:10,562 - INFO - 2025-01-10 18:47:10 - Successfully completed ../../../mnt/f/radiation_resistance_dataset_export/cell_line_3/dish_5/20240122.224424.401.Default-029_RI Tomogram.tiff
2025-01-10 18:47:16,810 - INFO - 2025-01-10 18:47:16 - Successfully completed ../../../mnt/f/radiation_resistance_dataset_export/cell_line_3/dish_5/20240122.224519.651.Default-030_RI Tomogram.tiff
2025-01-10 18:47:26,436 - INFO - 2025-01-10 18:47:26 - Successfully completed ../../../mnt/f/radiation_resistance_dataset_export/cell_line_3/dish_5/20240122.224543.417.Default-031_RI Tomogram.tiff
2025-01-10 18:47:31,637 - INFO - 2025-01-10 18:47:31 - Successfully completed ../../../mnt/f/radiation_resistance_dataset_export/cell_line_3/dish_5/20240122.224603.119.Default-032_RI Tomogram.tiff
2025-01-10 18:47:41,420 - INFO - 2025-01-10 18:47:41 - Successfully completed ../../../mnt/f/radiation_resistance_dataset_export/cell_line_3/dish_5/20240122.224632.368.Default-033_RI Tomogram.tiff
2025-01-10 18:47:52,977 - INFO - 2025-01-10 18:47:52 - Successfully completed ../../../mnt/f/radiation_resistance_dataset_export/cell_line_3/dish_5/20240122.224701.415.Default-034_RI Tomogram.tiff
2025-01-10 18:47:55,534 - INFO - 2025-01-10 18:47:55 - Successfully completed ../../../mnt/f/radiation_resistance_dataset_export/cell_line_3/dish_5/20240122.224716.241.Default-035_RI Tomogram.tiff
2025-01-10 18:48:11,867 - INFO - 2025-01-10 18:48:11 - Successfully completed ../../../mnt/f/radiation_resistance_dataset_export/cell_line_3/dish_5/20240122.224836.477.Default-037_RI Tomogram.tiff
2025-01-10 18:48:19,864 - INFO - 2025-01-10 18:48:19 - Successfully completed ../../../mnt/f/radiation_resistance_dataset_export/cell_line_3/dish_5/20240122.224759.712.Default-036_RI Tomogram.tiff
2025-01-10 18:48:30,093 - INFO - 2025-01-10 18:48:30 - Successfully completed ../../../mnt/f/radiation_resistance_dataset_export/cell_line_3/dish_5/20240122.224914.460.Default-038_RI Tomogram.tiff
2025-01-10 18:48:35,549 - INFO - 2025-01-10 18:48:35 - Successfully completed ../../../mnt/f/radiation_resistance_dataset_export/cell_line_3/dish_5/20240122.224931.119.Default-039_RI Tomogram.tiff
2025-01-10 18:48:41,597 - INFO - 2025-01-10 18:48:41 - Successfully completed ../../../mnt/f/radiation_resistance_dataset_export/cell_line_3/dish_5/20240122.224116.579.Default-027Stitching_RI Tomogram.tiff
2025-01-10 18:48:46,743 - INFO - 2025-01-10 18:48:46 - Successfully completed ../../../mnt/f/radiation_resistance_dataset_export/cell_line_3/dish_5/20240122.224957.320.Default-040_RI Tomogram.tiff
2025-01-10 18:48:51,583 - INFO - 2025-01-10 18:48:51 - Successfully completed ../../../mnt/f/radiation_resistance_dataset_export/cell_line_3/dish_5/20240122.225050.540.Default-041_RI Tomogram.tiff
2025-01-10 18:48:56,617 - INFO - 2025-01-10 18:48:56 - Successfully completed ../../../mnt/f/radiation_resistance_dataset_export/cell_line_3/dish_5/20240122.225102.730.Default-042_RI Tomogram.tiff
2025-01-10 18:49:01,296 - INFO - 2025-01-10 18:49:01 - Successfully completed ../../../mnt/f/radiation_resistance_dataset_export/cell_line_3/dish_5/20240122.225128.929.Default-043_RI Tomogram.tiff
2025-01-10 18:49:17,868 - INFO - 2025-01-10 18:49:17 - Successfully completed ../../../mnt/f/radiation_resistance_dataset_export/cell_line_3/dish_5/20240122.225400.665.Default-045_RI Tomogram.tiff
2025-01-10 18:49:20,114 - INFO - 2025-01-10 18:49:20 - Successfully completed ../../../mnt/f/radiation_resistance_dataset_export/cell_line_3/dish_5/20240122.231017.697.Default-046_RI Tomogram.tiff
2025-01-10 18:49:34,714 - INFO - 2025-01-10 18:49:34 - Successfully completed ../../../mnt/f/radiation_resistance_dataset_export/cell_line_3/dish_5/20240122.231224.039.Default-047_RI Tomogram.tiff
2025-01-10 18:49:35,685 - INFO - 2025-01-10 18:49:35 - Successfully completed ../../../mnt/f/radiation_resistance_dataset_export/cell_line_3/dish_5/20240122.231403.572.Default-048_RI Tomogram.tiff
2025-01-10 18:49:51,692 - INFO - 2025-01-10 18:49:51 - Successfully completed ../../../mnt/f/radiation_resistance_dataset_export/cell_line_3/dish_5/20240122.231441.760.Default-049_RI Tomogram.tiff
2025-01-10 18:49:52,680 - ERROR - Error with pool
Traceback (most recent call last):
  File "/usr/lib/python3.12/multiprocessing/pool.py", line 856, in next
    item = self._items.popleft()
           ^^^^^^^^^^^^^^^^^^^^^
IndexError: pop from an empty deque

During handling of the above exception, another exception occurred:

Traceback (most recent call last):
  File "/home/barmanlab/pyQPI/src/main/process_dataset.py", line 246, in process_dish
    for _ in pool.imap_unordered(process_file_worker, args_list):
  File "/usr/lib/python3.12/multiprocessing/pool.py", line 861, in next
    self._cond.wait(timeout)
  File "/usr/lib/python3.12/threading.py", line 355, in wait
    waiter.acquire()
KeyboardInterrupt

During handling of the above exception, another exception occurred:

Traceback (most recent call last):
  File "/home/barmanlab/pyQPI/src/main/process_dataset.py", line 240, in process_dish
    with Pool(
  File "/usr/lib/python3.12/multiprocessing/pool.py", line 739, in __exit__
    self.terminate()
  File "/usr/lib/python3.12/multiprocessing/pool.py", line 657, in terminate
    self._terminate()
  File "/usr/lib/python3.12/multiprocessing/util.py", line 227, in __call__
    res = self._callback(*self._args, **self._kwargs)
          ^^^^^^^^^^^^^^^^^^^^^^^^^^^^^^^^^^^^^^^^^^^
  File "/usr/lib/python3.12/multiprocessing/pool.py", line 732, in _terminate_pool
    p.join()
  File "/usr/lib/python3.12/multiprocessing/process.py", line 149, in join
    res = self._popen.wait(timeout)
          ^^^^^^^^^^^^^^^^^^^^^^^^^
  File "/usr/lib/python3.12/multiprocessing/popen_fork.py", line 43, in wait
    return self.poll(os.WNOHANG if timeout == 0.0 else 0)
           ^^^^^^^^^^^^^^^^^^^^^^^^^^^^^^^^^^^^^^^^^^^^^^
  File "/usr/lib/python3.12/multiprocessing/popen_fork.py", line 27, in poll
    pid, sts = os.waitpid(self.pid, flag)
               ^^^^^^^^^^^^^^^^^^^^^^^^^^
KeyboardInterrupt
2025-01-10 18:50:10,532 - INFO - Starting processing...
2025-01-10 18:50:50,985 - INFO - 2025-01-10 18:50:50 - Successfully completed ../../../mnt/f/radiation_resistance_dataset_export/cell_line_3/dish_5/20240122.231516.695.Default-050_RI Tomogram.tiff
2025-01-10 18:50:51,405 - INFO - 2025-01-10 18:50:51 - Successfully completed ../../../mnt/f/radiation_resistance_dataset_export/cell_line_3/dish_5/20240122.231625.759.Default-051_RI Tomogram.tiff
2025-01-10 18:51:10,435 - INFO - 2025-01-10 18:51:10 - Successfully completed ../../../mnt/f/radiation_resistance_dataset_export/cell_line_3/dish_5/20240122.231708.211.Default-052_RI Tomogram.tiff
2025-01-10 18:51:10,490 - INFO - 2025-01-10 18:51:10 - Successfully completed ../../../mnt/f/radiation_resistance_dataset_export/cell_line_3/dish_5/20240122.231805.290.Default-053_RI Tomogram.tiff
2025-01-10 18:51:30,047 - INFO - 2025-01-10 18:51:30 - Successfully completed ../../../mnt/f/radiation_resistance_dataset_export/cell_line_3/dish_5/20240122.231932.228.Default-054_RI Tomogram.tiff
2025-01-10 18:51:30,732 - INFO - 2025-01-10 18:51:30 - Successfully completed ../../../mnt/f/radiation_resistance_dataset_export/cell_line_3/dish_5/20240122.232010.620.Default-055_RI Tomogram.tiff
2025-01-10 18:51:45,445 - INFO - 2025-01-10 18:51:45 - Successfully completed ../../../mnt/f/radiation_resistance_dataset_export/cell_line_3/dish_5/20240122.225252.414.Default-044Stitching_RI Tomogram.tiff
2025-01-10 18:51:50,292 - INFO - 2025-01-10 18:51:50 - Successfully completed ../../../mnt/f/radiation_resistance_dataset_export/cell_line_3/dish_5/20240122.232245.397.Default-057_RI Tomogram.tiff
2025-01-10 18:51:50,345 - INFO - 2025-01-10 18:51:50 - Successfully completed ../../../mnt/f/radiation_resistance_dataset_export/cell_line_3/dish_5/20240122.232203.355.Default-056_RI Tomogram.tiff
2025-01-10 18:52:01,035 - INFO - 2025-01-10 18:52:01 - Successfully completed ../../../mnt/f/radiation_resistance_dataset_export/cell_line_3/dish_5/20240122.232300.633.Default-058_RI Tomogram.tiff
2025-01-10 18:52:08,903 - INFO - 2025-01-10 18:52:08 - Successfully completed ../../../mnt/f/radiation_resistance_dataset_export/cell_line_3/dish_5/20240122.232514.088.Default-060_RI Tomogram.tiff
2025-01-10 18:52:10,144 - INFO - 2025-01-10 18:52:10 - Successfully completed ../../../mnt/f/radiation_resistance_dataset_export/cell_line_3/dish_5/20240122.232335.772.Default-059_RI Tomogram.tiff
2025-01-10 18:52:15,933 - INFO - 2025-01-10 18:52:15 - Successfully completed ../../../mnt/f/radiation_resistance_dataset_export/cell_line_3/dish_5/20240122.232525.666.Default-061_RI Tomogram.tiff
2025-01-10 18:52:28,164 - INFO - 2025-01-10 18:52:28 - Successfully completed ../../../mnt/f/radiation_resistance_dataset_export/cell_line_3/dish_5/20240122.232603.852.Default-062_RI Tomogram.tiff
2025-01-10 18:52:30,270 - INFO - 2025-01-10 18:52:30 - Successfully completed ../../../mnt/f/radiation_resistance_dataset_export/cell_line_3/dish_5/20240122.232632.086.Default-063_RI Tomogram.tiff
2025-01-10 18:53:59,665 - INFO - 2025-01-10 18:53:59 - Successfully completed ../../../mnt/f/radiation_resistance_dataset_export/cell_line_3/dish_5/20240122.232808.442.Default-064Stitching_RI Tomogram.tiff
2025-01-10 18:54:26,480 - INFO - 2025-01-10 18:54:26 - Successfully completed ../../../mnt/f/radiation_resistance_dataset_export/cell_line_3/dish_5/20240122.233411.151.Default-067_RI Tomogram.tiff
2025-01-10 18:54:29,675 - INFO - 2025-01-10 18:54:29 - Successfully completed ../../../mnt/f/radiation_resistance_dataset_export/cell_line_3/dish_5/20240122.233036.244.Default-065Stitching_RI Tomogram.tiff
2025-01-10 18:54:42,085 - INFO - 2025-01-10 18:54:42 - Successfully completed ../../../mnt/f/radiation_resistance_dataset_export/cell_line_3/dish_5/20240122.233315.077.Default-066Stitching_RI Tomogram.tiff
2025-01-10 18:54:44,420 - INFO - 2025-01-10 18:54:44 - Successfully completed ../../../mnt/f/radiation_resistance_dataset_export/cell_line_3/dish_5/20240122.233442.633.Default-068_RI Tomogram.tiff
2025-01-10 18:54:48,671 - INFO - 2025-01-10 18:54:48 - Successfully completed ../../../mnt/f/radiation_resistance_dataset_export/cell_line_3/dish_5/20240122.233624.197.Default-069_RI Tomogram.tiff
2025-01-10 18:55:01,715 - INFO - 2025-01-10 18:55:01 - Successfully completed ../../../mnt/f/radiation_resistance_dataset_export/cell_line_3/dish_5/20240122.233645.319.Default-070_RI Tomogram.tiff
2025-01-10 18:55:06,600 - INFO - 2025-01-10 18:55:06 - Successfully completed ../../../mnt/f/radiation_resistance_dataset_export/cell_line_3/dish_5/20240122.233802.304.Default-072_RI Tomogram.tiff
2025-01-10 18:55:06,602 - INFO - 2025-01-10 18:55:06 - Successfully completed ../../../mnt/f/radiation_resistance_dataset_export/cell_line_3/dish_5/20240122.233704.823.Default-071_RI Tomogram.tiff
2025-01-10 18:55:15,741 - INFO - 2025-01-10 18:55:15 - Successfully completed ../../../mnt/f/radiation_resistance_dataset_export/cell_line_3/dish_5/20240122.233850.446.Default-073_RI Tomogram.tiff
2025-01-10 18:55:25,401 - INFO - 2025-01-10 18:55:25 - Successfully completed ../../../mnt/f/radiation_resistance_dataset_export/cell_line_3/dish_5/20240122.233910.760.Default-074_RI Tomogram.tiff
2025-01-10 18:55:25,666 - INFO - 2025-01-10 18:55:25 - Successfully completed ../../../mnt/f/radiation_resistance_dataset_export/cell_line_3/dish_5/20240122.233954.024.Default-075_RI Tomogram.tiff
2025-01-10 18:55:31,015 - INFO - 2025-01-10 18:55:31 - Successfully completed ../../../mnt/f/radiation_resistance_dataset_export/cell_line_3/dish_5/20240122.234043.181.Default-076_RI Tomogram.tiff
2025-01-10 18:55:46,834 - INFO - 2025-01-10 18:55:46 - Successfully completed ../../../mnt/f/radiation_resistance_dataset_export/cell_line_3/dish_5/20240122.234340.916.Default-078_RI Tomogram.tiff
2025-01-10 18:55:50,258 - INFO - 2025-01-10 18:55:50 - Successfully completed ../../../mnt/f/radiation_resistance_dataset_export/cell_line_3/dish_5/20240122.234514.150.Default-079_RI Tomogram.tiff
